
Showing logs for build [32mcb-kubecd-bdd-gh-1576011115-mas-h52st-2[0m stage [32mfrom-build-pack[0m and container [32mstep-credential-initializer-fvx4v[0m
{"level":"warn","ts":1576011955.3882856,"logger":"fallback-logger","caller":"logging/config.go:69","msg":"Fetch GitHub commit ID from kodata failed: \"ref: refs/heads/master\" is not a valid GitHub commit ID"}
{"level":"info","ts":1576011955.388831,"logger":"fallback-logger","caller":"creds-init/main.go:40","msg":"Credentials initialized."}

Showing logs for build [32mcb-kubecd-bdd-gh-1576011115-mas-h52st-2[0m stage [32mfrom-build-pack[0m and container [32mstep-working-dir-initializer-vvbz8[0m
{"level":"warn","ts":1576011956.4271019,"logger":"fallback-logger","caller":"logging/config.go:69","msg":"Fetch GitHub commit ID from kodata failed: open /var/run/ko/HEAD: no such file or directory"}
{"level":"info","ts":1576011956.4304821,"logger":"fallback-logger","caller":"bash/main.go:65","msg":"Successfully executed command \"mkdir -p /workspace/source\""}

Showing logs for build [32mcb-kubecd-bdd-gh-1576011115-mas-h52st-2[0m stage [32mfrom-build-pack[0m and container [32mstep-place-tools[0m

Showing logs for build [32mcb-kubecd-bdd-gh-1576011115-mas-h52st-2[0m stage [32mfrom-build-pack[0m and container [32mstep-git-source-cb-kubecd-bdd-gh-1576011115-mas-w9p9n[0m
{"level":"warn","ts":1576011963.552174,"logger":"fallback-logger","caller":"logging/config.go:69","msg":"Fetch GitHub commit ID from kodata failed: \"ref: refs/heads/master\" is not a valid GitHub commit ID"}
{"level":"info","ts":1576011964.6922195,"logger":"fallback-logger","caller":"git/git.go:102","msg":"Successfully cloned https://github.com/cb-kubecd/bdd-gh-1576011115.git @ v0.0.2 in path /workspace/source"}

Showing logs for build [32mcb-kubecd-bdd-gh-1576011115-mas-h52st-2[0m stage [32mfrom-build-pack[0m and container [32mstep-git-merge[0m
Using SHAs from PULL_REFS=master:f07ff4d2e1d5e74c264e8019434ac870c0b6473c
WARNING: no SHAs to merge, falling back to initial cloned commit

Showing logs for build [32mcb-kubecd-bdd-gh-1576011115-mas-h52st-2[0m stage [32mfrom-build-pack[0m and container [32mstep-setup-jx-git-credentials[0m
Generated Git credentials file /workspace/xdg_config/git/credentials

Showing logs for build [32mcb-kubecd-bdd-gh-1576011115-mas-h52st-2[0m stage [32mfrom-build-pack[0m and container [32mstep-build-make-build[0m
CGO_ENABLED=0 GO15VENDOREXPERIMENT=1 go build -ldflags '' -o bin/bdd-gh-1576011115 main.go

Showing logs for build [32mcb-kubecd-bdd-gh-1576011115-mas-h52st-2[0m stage [32mfrom-build-pack[0m and container [32mstep-build-container-build[0m
[36mINFO[0m[0000] No base image, nothing to extract            
[36mINFO[0m[0000] cmd: EXPOSE                                  
[36mINFO[0m[0000] Adding exposed port: 8080/tcp                
[36mINFO[0m[0000] Using files from context: [/workspace/source/bin] 
[36mINFO[0m[0000] Skipping unpacking as no commands require it. 
[36mINFO[0m[0000] Taking snapshot of full filesystem...        
[36mINFO[0m[0000] EXPOSE 8080                                  
[36mINFO[0m[0000] cmd: EXPOSE                                  
[36mINFO[0m[0000] Adding exposed port: 8080/tcp                
[36mINFO[0m[0000] No files changed in this command, skipping snapshotting. 
[36mINFO[0m[0000] ENTRYPOINT ["/bdd-gh-1576011115"]            
[36mINFO[0m[0000] No files changed in this command, skipping snapshotting. 
[36mINFO[0m[0000] Using files from context: [/workspace/source/bin] 
[36mINFO[0m[0000] COPY ./bin/ /                                
[36mINFO[0m[0000] Taking snapshot of files...                  
2019/12/10 21:06:43 pushed blob: sha256:31997f6bd0f8afbccb335ab4415c9041f555ab3686482c1b5d1452561dc3c85f
2019/12/10 21:06:43 pushed blob: sha256:067004fdba2c82ea5a6ce60f25eb341439d1a18bc9134872df1a5f83cceb998a
2019/12/10 21:06:44 gcr.io/jenkins-x-bdd3/bdd-gh-1576011115:0.0.2: digest: sha256:c74d22e299621e619851abc9b13a484b47ed449b54d8b2edeff3f2e88119e812 size: 428

Showing logs for build [32mcb-kubecd-bdd-gh-1576011115-mas-h52st-2[0m stage [32mfrom-build-pack[0m and container [32mstep-build-post-build[0m
no CVE provider running in the current ** namespace so skip adding image to be analysed

Showing logs for build [32mcb-kubecd-bdd-gh-1576011115-mas-h52st-2[0m stage [32mfrom-build-pack[0m and container [32mstep-promote-changelog[0m
Converted /workspace/source/charts/bdd-gh-1576011115 to an unshallow repository
Generating change log from git ref f63bc80255f8a70cafd1be9ad8a6e18a324c20f0 => 4dacdd6ce1739ac3fe550a94e5dd4b8d5904e850
WARNING: No release found for cb-kubecd/bdd-gh-1576011115 and tag v0.0.2 so creating a new release
Updated the release information at https://github.com/cb-kubecd/bdd-gh-1576011115/releases/tag/v0.0.2
generated: /workspace/source/charts/bdd-gh-1576011115/templates/release.yaml
Created Release bdd-gh-1576011115-0-0-2 resource in namespace **
Updating PipelineActivity cb-kubecd-bdd-gh-1576011115-master-2 with version 0.0.2
Updated PipelineActivities cb-kubecd-bdd-gh-1576011115-master-2 with release notes URL: https://github.com/cb-kubecd/bdd-gh-1576011115/releases/tag/v0.0.2

Showing logs for build [32mcb-kubecd-bdd-gh-1576011115-mas-h52st-2[0m stage [32mfrom-build-pack[0m and container [32mstep-promote-helm-release[0m
WARNING: No $CHART_REPOSITORY defined so using the default value of: http://jenkins-x-chartmuseum:8080
Adding missing Helm repo: storage.googleapis.com https://storage.googleapis.com/chartmuseum.jenkins-x.io
Read credentials for https://storage.googleapis.com/chartmuseum.jenkins-x.io from vault helm/repos
Successfully added Helm repository storage.googleapis.com.
Adding missing Helm repo: jenkins-x-chartmuseum http://jenkins-x-chartmuseum:8080
Read credentials for http://jenkins-x-chartmuseum:8080 from vault helm/repos
Successfully added Helm repository jenkins-x-chartmuseum.
WARNING: No $CHART_REPOSITORY defined so using the default value of: http://jenkins-x-chartmuseum:8080
Uploading chart file bdd-gh-1576011115-0.0.2.tgz to http://jenkins-x-chartmuseum:8080/api/charts
Received 201 response: {"saved":true}

Showing logs for build [32mcb-kubecd-bdd-gh-1576011115-mas-h52st-2[0m stage [32mfrom-build-pack[0m and container [32mstep-promote-jx-promote[0m
WARNING: prow based install so skip waiting for the merge of Pull Requests to go green as currently there is an issue with gettingstatuses from the PR, see https://github.com/jenkins-x/**/issues/2410
WARNING: No $CHART_REPOSITORY defined so using the default value of: http://jenkins-x-chartmuseum:8080
Promoting app bdd-gh-1576011115 version 0.0.2 to namespace **-staging
Created Pull Request: https://github.com/cb-kubecd/environment-pr-102-15-boot-gke-**ui-staging/pull/2
Added label updatebot to Pull Request https://github.com/cb-kubecd/environment-pr-102-15-boot-gke-**ui-staging/pull/2
got git provider status pending from PR https://github.com/cb-kubecd/environment-pr-102-15-boot-gke-**ui-staging/pull/2
got git provider status pending from PR https://github.com/cb-kubecd/environment-pr-102-15-boot-gke-**ui-staging/pull/2
got git provider status pending from PR https://github.com/cb-kubecd/environment-pr-102-15-boot-gke-**ui-staging/pull/2
got git provider status pending from PR https://github.com/cb-kubecd/environment-pr-102-15-boot-gke-**ui-staging/pull/2
got git provider status pending from PR https://github.com/cb-kubecd/environment-pr-102-15-boot-gke-**ui-staging/pull/2
got git provider status pending from PR https://github.com/cb-kubecd/environment-pr-102-15-boot-gke-**ui-staging/pull/2
Pull Request https://github.com/cb-kubecd/environment-pr-102-15-boot-gke-**ui-staging/pull/2 is merged at sha c2f7ef659088dcc1c95028540636cc997720c5ef
Pull Request merged but we are not waiting for the update pipeline to complete!
WARNING: Could not find the service URL in namespace **-staging for names bdd-gh-1576011115, **-bdd-gh-1576011115, **-staging-bdd-gh-1576011115
